Determining if the include file pthread.h exists failed with the following output:
Change Dir: D:/CG_UFPel/CG_UFPel/Saida/CMakeFiles/CMakeTmp

Run Build Command:"C:/Program Files (x86)/MSBuild/14.0/bin/MSBuild.exe" "cmTC_74cc2.vcxproj" "/p:Configuration=Debug" "/p:VisualStudioVersion=14.0"
Microsoft (R) Build Engine version 14.0.25420.1
Copyright (C) Microsoft Corporation. All rights reserved.

Build started 14/08/2016 20:33:58.
Project "D:\CG_UFPel\CG_UFPel\Saida\CMakeFiles\CMakeTmp\cmTC_74cc2.vcxproj" on node 1 (default targets).
PrepareForBuild:
  Creating directory "cmTC_74cc2.dir\Debug\".
  Creating directory "D:\CG_UFPel\CG_UFPel\Saida\CMakeFiles\CMakeTmp\Debug\".
  Creating directory "cmTC_74cc2.dir\Debug\cmTC_74cc2.tlog\".
InitializeBuildStatus:
  Creating "cmTC_74cc2.dir\Debug\cmTC_74cc2.tlog\unsuccessfulbuild" because "AlwaysCreate" was specified.
ClCompile:
  C:\Program Files (x86)\Microsoft Visual Studio 14.0\VC\bin\x86_amd64\CL.exe /c /Zi /W3 /WX- /Od /Ob0 /D WIN32 /D _WINDOWS /D _DEBUG /D "CMAKE_INTDIR=\"Debug\"" /D _MBCS /Gm- /RTC1 /MDd /GS /fp:precise /Zc:wchar_t /Zc:forScope /Zc:inline /Fo"cmTC_74cc2.dir\Debug\\" /Fd"cmTC_74cc2.dir\Debug\vc140.pdb" /Gd /TC /errorReport:queue D:\CG_UFPel\CG_UFPel\Saida\CMakeFiles\CMakeTmp\CheckIncludeFile.c
  Microsoft (R) C/C++ Optimizing Compiler Version 19.00.24213.1 for x64
  Copyright (C) Microsoft Corporation.  All rights reserved.
  
  cl /c /Zi /W3 /WX- /Od /Ob0 /D WIN32 /D _WINDOWS /D _DEBUG /D "CMAKE_INTDIR=\"Debug\"" /D _MBCS /Gm- /RTC1 /MDd /GS /fp:precise /Zc:wchar_t /Zc:forScope /Zc:inline /Fo"cmTC_74cc2.dir\Debug\\" /Fd"cmTC_74cc2.dir\Debug\vc140.pdb" /Gd /TC /errorReport:queue D:\CG_UFPel\CG_UFPel\Saida\CMakeFiles\CMakeTmp\CheckIncludeFile.c
  
  CheckIncludeFile.c
D:\CG_UFPel\CG_UFPel\Saida\CMakeFiles\CMakeTmp\CheckIncludeFile.c(1): fatal error C1083: Cannot open include file: 'pthread.h': No such file or directory [D:\CG_UFPel\CG_UFPel\Saida\CMakeFiles\CMakeTmp\cmTC_74cc2.vcxproj]
Done Building Project "D:\CG_UFPel\CG_UFPel\Saida\CMakeFiles\CMakeTmp\cmTC_74cc2.vcxproj" (default targets) -- FAILED.

Build FAILED.

"D:\CG_UFPel\CG_UFPel\Saida\CMakeFiles\CMakeTmp\cmTC_74cc2.vcxproj" (default target) (1) ->
(ClCompile target) -> 
  D:\CG_UFPel\CG_UFPel\Saida\CMakeFiles\CMakeTmp\CheckIncludeFile.c(1): fatal error C1083: Cannot open include file: 'pthread.h': No such file or directory [D:\CG_UFPel\CG_UFPel\Saida\CMakeFiles\CMakeTmp\cmTC_74cc2.vcxproj]

    0 Warning(s)
    1 Error(s)

Time Elapsed 00:00:01.88


Determining size of off64_t failed with the following output:
Change Dir: D:/CG_UFPel/CG_UFPel/Saida/CMakeFiles/CMakeTmp

Run Build Command:"C:/Program Files (x86)/MSBuild/14.0/bin/MSBuild.exe" "cmTC_2f23b.vcxproj" "/p:Configuration=Debug" "/p:VisualStudioVersion=14.0"
Microsoft (R) Build Engine version 14.0.25420.1
Copyright (C) Microsoft Corporation. All rights reserved.

Build started 14/08/2016 20:34:13.
Project "D:\CG_UFPel\CG_UFPel\Saida\CMakeFiles\CMakeTmp\cmTC_2f23b.vcxproj" on node 1 (default targets).
PrepareForBuild:
  Creating directory "cmTC_2f23b.dir\Debug\".
  Creating directory "D:\CG_UFPel\CG_UFPel\Saida\CMakeFiles\CMakeTmp\Debug\".
  Creating directory "cmTC_2f23b.dir\Debug\cmTC_2f23b.tlog\".
InitializeBuildStatus:
  Creating "cmTC_2f23b.dir\Debug\cmTC_2f23b.tlog\unsuccessfulbuild" because "AlwaysCreate" was specified.
ClCompile:
  C:\Program Files (x86)\Microsoft Visual Studio 14.0\VC\bin\x86_amd64\CL.exe /c /Zi /W3 /WX- /Od /Ob0 /D WIN32 /D _WINDOWS /D _DEBUG /D _LARGEFILE64_SOURCE=1 /D HAVE_SYS_TYPES_H /D HAVE_STDINT_H /D HAVE_STDDEF_H /D "CMAKE_INTDIR=\"Debug\"" /D _MBCS /Gm- /RTC1 /MDd /GS /fp:precise /Zc:wchar_t /Zc:forScope /Zc:inline /Fo"cmTC_2f23b.dir\Debug\\" /Fd"cmTC_2f23b.dir\Debug\vc140.pdb" /Gd /TC /errorReport:queue D:\CG_UFPel\CG_UFPel\Saida\CMakeFiles\CheckTypeSize\OFF64_T.c
  Microsoft (R) C/C++ Optimizing Compiler Version 19.00.24213.1 for x64
  Copyright (C) Microsoft Corporation.  All rights reserved.
  
  cl /c /Zi /W3 /WX- /Od /Ob0 /D WIN32 /D _WINDOWS /D _DEBUG /D _LARGEFILE64_SOURCE=1 /D HAVE_SYS_TYPES_H /D HAVE_STDINT_H /D HAVE_STDDEF_H /D "CMAKE_INTDIR=\"Debug\"" /D _MBCS /Gm- /RTC1 /MDd /GS /fp:precise /Zc:wchar_t /Zc:forScope /Zc:inline /Fo"cmTC_2f23b.dir\Debug\\" /Fd"cmTC_2f23b.dir\Debug\vc140.pdb" /Gd /TC /errorReport:queue D:\CG_UFPel\CG_UFPel\Saida\CMakeFiles\CheckTypeSize\OFF64_T.c
  
  OFF64_T.c
D:\CG_UFPel\CG_UFPel\Saida\CMakeFiles\CheckTypeSize\OFF64_T.c(19): error C2065: 'off64_t': undeclared identifier [D:\CG_UFPel\CG_UFPel\Saida\CMakeFiles\CMakeTmp\cmTC_2f23b.vcxproj]
D:\CG_UFPel\CG_UFPel\Saida\CMakeFiles\CheckTypeSize\OFF64_T.c(20): error C2065: 'off64_t': undeclared identifier [D:\CG_UFPel\CG_UFPel\Saida\CMakeFiles\CMakeTmp\cmTC_2f23b.vcxproj]
D:\CG_UFPel\CG_UFPel\Saida\CMakeFiles\CheckTypeSize\OFF64_T.c(21): error C2065: 'off64_t': undeclared identifier [D:\CG_UFPel\CG_UFPel\Saida\CMakeFiles\CMakeTmp\cmTC_2f23b.vcxproj]
D:\CG_UFPel\CG_UFPel\Saida\CMakeFiles\CheckTypeSize\OFF64_T.c(22): error C2065: 'off64_t': undeclared identifier [D:\CG_UFPel\CG_UFPel\Saida\CMakeFiles\CMakeTmp\cmTC_2f23b.vcxproj]
D:\CG_UFPel\CG_UFPel\Saida\CMakeFiles\CheckTypeSize\OFF64_T.c(23): error C2065: 'off64_t': undeclared identifier [D:\CG_UFPel\CG_UFPel\Saida\CMakeFiles\CMakeTmp\cmTC_2f23b.vcxproj]
Done Building Project "D:\CG_UFPel\CG_UFPel\Saida\CMakeFiles\CMakeTmp\cmTC_2f23b.vcxproj" (default targets) -- FAILED.

Build FAILED.

"D:\CG_UFPel\CG_UFPel\Saida\CMakeFiles\CMakeTmp\cmTC_2f23b.vcxproj" (default target) (1) ->
(ClCompile target) -> 
  D:\CG_UFPel\CG_UFPel\Saida\CMakeFiles\CheckTypeSize\OFF64_T.c(19): error C2065: 'off64_t': undeclared identifier [D:\CG_UFPel\CG_UFPel\Saida\CMakeFiles\CMakeTmp\cmTC_2f23b.vcxproj]
  D:\CG_UFPel\CG_UFPel\Saida\CMakeFiles\CheckTypeSize\OFF64_T.c(20): error C2065: 'off64_t': undeclared identifier [D:\CG_UFPel\CG_UFPel\Saida\CMakeFiles\CMakeTmp\cmTC_2f23b.vcxproj]
  D:\CG_UFPel\CG_UFPel\Saida\CMakeFiles\CheckTypeSize\OFF64_T.c(21): error C2065: 'off64_t': undeclared identifier [D:\CG_UFPel\CG_UFPel\Saida\CMakeFiles\CMakeTmp\cmTC_2f23b.vcxproj]
  D:\CG_UFPel\CG_UFPel\Saida\CMakeFiles\CheckTypeSize\OFF64_T.c(22): error C2065: 'off64_t': undeclared identifier [D:\CG_UFPel\CG_UFPel\Saida\CMakeFiles\CMakeTmp\cmTC_2f23b.vcxproj]
  D:\CG_UFPel\CG_UFPel\Saida\CMakeFiles\CheckTypeSize\OFF64_T.c(23): error C2065: 'off64_t': undeclared identifier [D:\CG_UFPel\CG_UFPel\Saida\CMakeFiles\CMakeTmp\cmTC_2f23b.vcxproj]

    0 Warning(s)
    5 Error(s)

Time Elapsed 00:00:01.60

D:/CG_UFPel/CG_UFPel/Saida/CMakeFiles/CheckTypeSize/OFF64_T.c:
#include <sys/types.h>
#include <stdint.h>
#include <stddef.h>


#undef KEY
#if defined(__i386)
# define KEY '_','_','i','3','8','6'
#elif defined(__x86_64)
# define KEY '_','_','x','8','6','_','6','4'
#elif defined(__ppc__)
# define KEY '_','_','p','p','c','_','_'
#elif defined(__ppc64__)
# define KEY '_','_','p','p','c','6','4','_','_'
#endif

#define SIZE (sizeof(off64_t))
char info_size[] =  {'I', 'N', 'F', 'O', ':', 's','i','z','e','[',
  ('0' + ((SIZE / 10000)%10)),
  ('0' + ((SIZE / 1000)%10)),
  ('0' + ((SIZE / 100)%10)),
  ('0' + ((SIZE / 10)%10)),
  ('0' +  (SIZE    % 10)),
  ']',
#ifdef KEY
  ' ','k','e','y','[', KEY, ']',
#endif
  '\0'};

#ifdef __CLASSIC_C__
int main(argc, argv) int argc; char *argv[];
#else
int main(int argc, char *argv[])
#endif
{
  int require = 0;
  require += info_size[argc];
  (void)argv;
  return require;
}


Determining if the function fseeko exists failed with the following output:
Change Dir: D:/CG_UFPel/CG_UFPel/Saida/CMakeFiles/CMakeTmp

Run Build Command:"C:/Program Files (x86)/MSBuild/14.0/bin/MSBuild.exe" "cmTC_035d0.vcxproj" "/p:Configuration=Debug" "/p:VisualStudioVersion=14.0"
Microsoft (R) Build Engine version 14.0.25420.1
Copyright (C) Microsoft Corporation. All rights reserved.

Build started 14/08/2016 20:34:15.
Project "D:\CG_UFPel\CG_UFPel\Saida\CMakeFiles\CMakeTmp\cmTC_035d0.vcxproj" on node 1 (default targets).
PrepareForBuild:
  Creating directory "cmTC_035d0.dir\Debug\".
  Creating directory "D:\CG_UFPel\CG_UFPel\Saida\CMakeFiles\CMakeTmp\Debug\".
  Creating directory "cmTC_035d0.dir\Debug\cmTC_035d0.tlog\".
InitializeBuildStatus:
  Creating "cmTC_035d0.dir\Debug\cmTC_035d0.tlog\unsuccessfulbuild" because "AlwaysCreate" was specified.
ClCompile:
  C:\Program Files (x86)\Microsoft Visual Studio 14.0\VC\bin\x86_amd64\CL.exe /c /Zi /W3 /WX- /Od /Ob0 /D WIN32 /D _WINDOWS /D CHECK_FUNCTION_EXISTS=fseeko /D _DEBUG /D "CMAKE_INTDIR=\"Debug\"" /D _MBCS /Gm- /RTC1 /MDd /GS /fp:precise /Zc:wchar_t /Zc:forScope /Zc:inline /Fo"cmTC_035d0.dir\Debug\\" /Fd"cmTC_035d0.dir\Debug\vc140.pdb" /Gd /TC /errorReport:queue "C:\Program Files\CMake\share\cmake-3.6\Modules\CheckFunctionExists.c"
  Microsoft (R) C/C++ Optimizing Compiler Version 19.00.24213.1 for x64
  Copyright (C) Microsoft Corporation.  All rights reserved.
  
  cl /c /Zi /W3 /WX- /Od /Ob0 /D WIN32 /D _WINDOWS /D CHECK_FUNCTION_EXISTS=fseeko /D _DEBUG /D "CMAKE_INTDIR=\"Debug\"" /D _MBCS /Gm- /RTC1 /MDd /GS /fp:precise /Zc:wchar_t /Zc:forScope /Zc:inline /Fo"cmTC_035d0.dir\Debug\\" /Fd"cmTC_035d0.dir\Debug\vc140.pdb" /Gd /TC /errorReport:queue "C:\Program Files\CMake\share\cmake-3.6\Modules\CheckFunctionExists.c"
  
  CheckFunctionExists.c
Link:
  C:\Program Files (x86)\Microsoft Visual Studio 14.0\VC\bin\x86_amd64\link.exe /ERRORREPORT:QUEUE /OUT:"D:\CG_UFPel\CG_UFPel\Saida\CMakeFiles\CMakeTmp\Debug\cmTC_035d0.exe" /INCREMENTAL /NOLOGO kernel32.lib user32.lib gdi32.lib winspool.lib shell32.lib ole32.lib oleaut32.lib uuid.lib comdlg32.lib advapi32.lib /MANIFEST /MANIFESTUAC:"level='asInvoker' uiAccess='false'" /manifest:embed /DEBUG /PDB:"D:/CG_UFPel/CG_UFPel/Saida/CMakeFiles/CMakeTmp/Debug/cmTC_035d0.pdb" /SUBSYSTEM:CONSOLE /TLBID:1 /DYNAMICBASE /NXCOMPAT /IMPLIB:"D:/CG_UFPel/CG_UFPel/Saida/CMakeFiles/CMakeTmp/Debug/cmTC_035d0.lib" /MACHINE:X64  /machine:x64 cmTC_035d0.dir\Debug\CheckFunctionExists.obj
CheckFunctionExists.obj : error LNK2019: unresolved external symbol fseeko referenced in function main [D:\CG_UFPel\CG_UFPel\Saida\CMakeFiles\CMakeTmp\cmTC_035d0.vcxproj]
D:\CG_UFPel\CG_UFPel\Saida\CMakeFiles\CMakeTmp\Debug\cmTC_035d0.exe : fatal error LNK1120: 1 unresolved externals [D:\CG_UFPel\CG_UFPel\Saida\CMakeFiles\CMakeTmp\cmTC_035d0.vcxproj]
Done Building Project "D:\CG_UFPel\CG_UFPel\Saida\CMakeFiles\CMakeTmp\cmTC_035d0.vcxproj" (default targets) -- FAILED.

Build FAILED.

"D:\CG_UFPel\CG_UFPel\Saida\CMakeFiles\CMakeTmp\cmTC_035d0.vcxproj" (default target) (1) ->
(Link target) -> 
  CheckFunctionExists.obj : error LNK2019: unresolved external symbol fseeko referenced in function main [D:\CG_UFPel\CG_UFPel\Saida\CMakeFiles\CMakeTmp\cmTC_035d0.vcxproj]
  D:\CG_UFPel\CG_UFPel\Saida\CMakeFiles\CMakeTmp\Debug\cmTC_035d0.exe : fatal error LNK1120: 1 unresolved externals [D:\CG_UFPel\CG_UFPel\Saida\CMakeFiles\CMakeTmp\cmTC_035d0.vcxproj]

    0 Warning(s)
    2 Error(s)

Time Elapsed 00:00:02.32


Determining if the include file unistd.h exists failed with the following output:
Change Dir: D:/CG_UFPel/CG_UFPel/Saida/CMakeFiles/CMakeTmp

Run Build Command:"C:/Program Files (x86)/MSBuild/14.0/bin/MSBuild.exe" "cmTC_2e28e.vcxproj" "/p:Configuration=Debug" "/p:VisualStudioVersion=14.0"
Microsoft (R) Build Engine version 14.0.25420.1
Copyright (C) Microsoft Corporation. All rights reserved.

Build started 14/08/2016 20:34:18.
Project "D:\CG_UFPel\CG_UFPel\Saida\CMakeFiles\CMakeTmp\cmTC_2e28e.vcxproj" on node 1 (default targets).
PrepareForBuild:
  Creating directory "cmTC_2e28e.dir\Debug\".
  Creating directory "D:\CG_UFPel\CG_UFPel\Saida\CMakeFiles\CMakeTmp\Debug\".
  Creating directory "cmTC_2e28e.dir\Debug\cmTC_2e28e.tlog\".
InitializeBuildStatus:
  Creating "cmTC_2e28e.dir\Debug\cmTC_2e28e.tlog\unsuccessfulbuild" because "AlwaysCreate" was specified.
ClCompile:
  C:\Program Files (x86)\Microsoft Visual Studio 14.0\VC\bin\x86_amd64\CL.exe /c /Zi /W3 /WX- /Od /Ob0 /D WIN32 /D _WINDOWS /D _DEBUG /D "CMAKE_INTDIR=\"Debug\"" /D _MBCS /Gm- /RTC1 /MDd /GS /fp:precise /Zc:wchar_t /Zc:forScope /Zc:inline /Fo"cmTC_2e28e.dir\Debug\\" /Fd"cmTC_2e28e.dir\Debug\vc140.pdb" /Gd /TC /errorReport:queue D:\CG_UFPel\CG_UFPel\Saida\CMakeFiles\CMakeTmp\CheckIncludeFile.c
  Microsoft (R) C/C++ Optimizing Compiler Version 19.00.24213.1 for x64
  Copyright (C) Microsoft Corporation.  All rights reserved.
  
  cl /c /Zi /W3 /WX- /Od /Ob0 /D WIN32 /D _WINDOWS /D _DEBUG /D "CMAKE_INTDIR=\"Debug\"" /D _MBCS /Gm- /RTC1 /MDd /GS /fp:precise /Zc:wchar_t /Zc:forScope /Zc:inline /Fo"cmTC_2e28e.dir\Debug\\" /Fd"cmTC_2e28e.dir\Debug\vc140.pdb" /Gd /TC /errorReport:queue D:\CG_UFPel\CG_UFPel\Saida\CMakeFiles\CMakeTmp\CheckIncludeFile.c
  
  CheckIncludeFile.c
D:\CG_UFPel\CG_UFPel\Saida\CMakeFiles\CMakeTmp\CheckIncludeFile.c(1): fatal error C1083: Cannot open include file: 'unistd.h': No such file or directory [D:\CG_UFPel\CG_UFPel\Saida\CMakeFiles\CMakeTmp\cmTC_2e28e.vcxproj]
Done Building Project "D:\CG_UFPel\CG_UFPel\Saida\CMakeFiles\CMakeTmp\cmTC_2e28e.vcxproj" (default targets) -- FAILED.

Build FAILED.

"D:\CG_UFPel\CG_UFPel\Saida\CMakeFiles\CMakeTmp\cmTC_2e28e.vcxproj" (default target) (1) ->
(ClCompile target) -> 
  D:\CG_UFPel\CG_UFPel\Saida\CMakeFiles\CMakeTmp\CheckIncludeFile.c(1): fatal error C1083: Cannot open include file: 'unistd.h': No such file or directory [D:\CG_UFPel\CG_UFPel\Saida\CMakeFiles\CMakeTmp\cmTC_2e28e.vcxproj]

    0 Warning(s)
    1 Error(s)

Time Elapsed 00:00:01.91


